CRITICAL - 2025-02-01 10:18:45 --> Error: Class "App\Libraries\Tcpdf" not found
[Method: GET, Route: /]
in APPPATH/Controllers/GeneratePDF.php on line 12.
 1 SYSTEMPATH/CodeIgniter.php(933): App\Controllers\GeneratePDF->index()
 2 SYSTEMPATH/CodeIgniter.php(507): CodeIgniter\CodeIgniter->runController(Object(App\Controllers\GeneratePDF))
 3 SYSTEMPATH/CodeIgniter.php(354): CodeIgniter\CodeIgniter->handleRequest(null, Object(Config\Cache), false)
 4 SYSTEMPATH/Boot.php(334): CodeIgniter\CodeIgniter->run()
 5 SYSTEMPATH/Boot.php(67): CodeIgniter\Boot::runCodeIgniter(Object(CodeIgniter\CodeIgniter))
 6 FCPATH/index.php(56): CodeIgniter\Boot::bootWeb(Object(Config\Paths))
CRITICAL - 2025-02-01 10:20:25 --> Error: Class "App\Libraries\Tcpdf" not found
[Method: GET, Route: /]
in APPPATH/Controllers/GeneratePDF.php on line 12.
 1 SYSTEMPATH/CodeIgniter.php(933): App\Controllers\GeneratePDF->index()
 2 SYSTEMPATH/CodeIgniter.php(507): CodeIgniter\CodeIgniter->runController(Object(App\Controllers\GeneratePDF))
 3 SYSTEMPATH/CodeIgniter.php(354): CodeIgniter\CodeIgniter->handleRequest(null, Object(Config\Cache), false)
 4 SYSTEMPATH/Boot.php(334): CodeIgniter\CodeIgniter->run()
 5 SYSTEMPATH/Boot.php(67): CodeIgniter\Boot::runCodeIgniter(Object(CodeIgniter\CodeIgniter))
 6 FCPATH/index.php(56): CodeIgniter\Boot::bootWeb(Object(Config\Paths))
CRITICAL - 2025-02-01 10:22:51 --> Error: Class "App\Libraries\Tcpdf" not found
[Method: GET, Route: /]
in APPPATH/Controllers/GeneratePDF.php on line 12.
 1 SYSTEMPATH/CodeIgniter.php(933): App\Controllers\GeneratePDF->index()
 2 SYSTEMPATH/CodeIgniter.php(507): CodeIgniter\CodeIgniter->runController(Object(App\Controllers\GeneratePDF))
 3 SYSTEMPATH/CodeIgniter.php(354): CodeIgniter\CodeIgniter->handleRequest(null, Object(Config\Cache), false)
 4 SYSTEMPATH/Boot.php(334): CodeIgniter\CodeIgniter->run()
 5 SYSTEMPATH/Boot.php(67): CodeIgniter\Boot::runCodeIgniter(Object(CodeIgniter\CodeIgniter))
 6 FCPATH/index.php(56): CodeIgniter\Boot::bootWeb(Object(Config\Paths))
CRITICAL - 2025-02-01 10:24:21 --> Error: Class "App\Libraries\Tcpdf" not found
[Method: GET, Route: /]
in APPPATH/Controllers/GeneratePDF.php on line 12.
 1 SYSTEMPATH/CodeIgniter.php(933): App\Controllers\GeneratePDF->index()
 2 SYSTEMPATH/CodeIgniter.php(507): CodeIgniter\CodeIgniter->runController(Object(App\Controllers\GeneratePDF))
 3 SYSTEMPATH/CodeIgniter.php(354): CodeIgniter\CodeIgniter->handleRequest(null, Object(Config\Cache), false)
 4 SYSTEMPATH/Boot.php(334): CodeIgniter\CodeIgniter->run()
 5 SYSTEMPATH/Boot.php(67): CodeIgniter\Boot::runCodeIgniter(Object(CodeIgniter\CodeIgniter))
 6 FCPATH/index.php(56): CodeIgniter\Boot::bootWeb(Object(Config\Paths))
CRITICAL - 2025-02-01 10:28:47 --> ErrorException: require_once(/Applications/AMPPS/www/codeigniter4_tcpdf/app/ThirdParty/tcpdf/tcpdf.php): Failed to open stream: No such file or directory
[Method: GET, Route: /]
in APPPATH/Libraries/TcpdfLibrary.php on line 5.
 1 APPPATH/Libraries/TcpdfLibrary.php(5): CodeIgniter\Debug\Exceptions->errorHandler(2, 'require_once(/Applications/AMPPS/www/codeigniter4_tcpdf/app/ThirdParty/tcpdf/tcpdf.php): Failed to open stream: No such file or directory', '/Applications/AMPPS/www/codeigniter4_tcpdf/app/Libraries/TcpdfLibrary.php', 5)
 2 APPPATH/Libraries/TcpdfLibrary.php(5): require_once()
 3 SYSTEMPATH/Autoloader/Autoloader.php(316): include_once('/Applications/AMPPS/www/codeigniter4_tcpdf/app/Libraries/TcpdfLibrary.php')
 4 SYSTEMPATH/Autoloader/Autoloader.php(295): CodeIgniter\Autoloader\Autoloader->includeFile('/Applications/AMPPS/www/codeigniter4_tcpdf/app/Libraries/TcpdfLibrary.php')
 5 SYSTEMPATH/Autoloader/Autoloader.php(271): CodeIgniter\Autoloader\Autoloader->loadInNamespace('App\\Libraries\\TcpdfLibrary')
 6 APPPATH/Controllers/GeneratePDF.php(12): CodeIgniter\Autoloader\Autoloader->loadClass('App\\Libraries\\TcpdfLibrary')
 7 SYSTEMPATH/CodeIgniter.php(933): App\Controllers\GeneratePDF->index()
 8 SYSTEMPATH/CodeIgniter.php(507): CodeIgniter\CodeIgniter->runController(Object(App\Controllers\GeneratePDF))
 9 SYSTEMPATH/CodeIgniter.php(354): CodeIgniter\CodeIgniter->handleRequest(null, Object(Config\Cache), false)
10 SYSTEMPATH/Boot.php(334): CodeIgniter\CodeIgniter->run()
11 SYSTEMPATH/Boot.php(67): CodeIgniter\Boot::runCodeIgniter(Object(CodeIgniter\CodeIgniter))
12 FCPATH/index.php(56): CodeIgniter\Boot::bootWeb(Object(Config\Paths))
CRITICAL - 2025-02-01 10:31:40 --> ErrorException: require_once(/Applications/AMPPS/www/codeigniter4_tcpdf/app/ThirdParty/tcpdf/tcpdf.php): Failed to open stream: No such file or directory
[Method: GET, Route: /]
in APPPATH/Libraries/TcpdfLibrary.php on line 5.
 1 APPPATH/Libraries/TcpdfLibrary.php(5): CodeIgniter\Debug\Exceptions->errorHandler(2, 'require_once(/Applications/AMPPS/www/codeigniter4_tcpdf/app/ThirdParty/tcpdf/tcpdf.php): Failed to open stream: No such file or directory', '/Applications/AMPPS/www/codeigniter4_tcpdf/app/Libraries/TcpdfLibrary.php', 5)
 2 APPPATH/Libraries/TcpdfLibrary.php(5): require_once()
 3 SYSTEMPATH/Autoloader/Autoloader.php(316): include_once('/Applications/AMPPS/www/codeigniter4_tcpdf/app/Libraries/TcpdfLibrary.php')
 4 SYSTEMPATH/Autoloader/Autoloader.php(295): CodeIgniter\Autoloader\Autoloader->includeFile('/Applications/AMPPS/www/codeigniter4_tcpdf/app/Libraries/TcpdfLibrary.php')
 5 SYSTEMPATH/Autoloader/Autoloader.php(271): CodeIgniter\Autoloader\Autoloader->loadInNamespace('App\\Libraries\\TcpdfLibrary')
 6 APPPATH/Controllers/GeneratePDF.php(12): CodeIgniter\Autoloader\Autoloader->loadClass('App\\Libraries\\TcpdfLibrary')
 7 SYSTEMPATH/CodeIgniter.php(933): App\Controllers\GeneratePDF->index()
 8 SYSTEMPATH/CodeIgniter.php(507): CodeIgniter\CodeIgniter->runController(Object(App\Controllers\GeneratePDF))
 9 SYSTEMPATH/CodeIgniter.php(354): CodeIgniter\CodeIgniter->handleRequest(null, Object(Config\Cache), false)
10 SYSTEMPATH/Boot.php(334): CodeIgniter\CodeIgniter->run()
11 SYSTEMPATH/Boot.php(67): CodeIgniter\Boot::runCodeIgniter(Object(CodeIgniter\CodeIgniter))
12 FCPATH/index.php(56): CodeIgniter\Boot::bootWeb(Object(Config\Paths))
CRITICAL - 2025-02-01 10:31:40 --> ErrorException: require_once(/Applications/AMPPS/www/codeigniter4_tcpdf/app/ThirdParty/tcpdf/tcpdf.php): Failed to open stream: No such file or directory
[Method: GET, Route: /]
in APPPATH/Libraries/TcpdfLibrary.php on line 5.
 1 APPPATH/Libraries/TcpdfLibrary.php(5): CodeIgniter\Debug\Exceptions->errorHandler(2, 'require_once(/Applications/AMPPS/www/codeigniter4_tcpdf/app/ThirdParty/tcpdf/tcpdf.php): Failed to open stream: No such file or directory', '/Applications/AMPPS/www/codeigniter4_tcpdf/app/Libraries/TcpdfLibrary.php', 5)
 2 APPPATH/Libraries/TcpdfLibrary.php(5): require_once()
 3 SYSTEMPATH/Autoloader/Autoloader.php(316): include_once('/Applications/AMPPS/www/codeigniter4_tcpdf/app/Libraries/TcpdfLibrary.php')
 4 SYSTEMPATH/Autoloader/Autoloader.php(295): CodeIgniter\Autoloader\Autoloader->includeFile('/Applications/AMPPS/www/codeigniter4_tcpdf/app/Libraries/TcpdfLibrary.php')
 5 SYSTEMPATH/Autoloader/Autoloader.php(271): CodeIgniter\Autoloader\Autoloader->loadInNamespace('App\\Libraries\\TcpdfLibrary')
 6 APPPATH/Controllers/GeneratePDF.php(12): CodeIgniter\Autoloader\Autoloader->loadClass('App\\Libraries\\TcpdfLibrary')
 7 SYSTEMPATH/CodeIgniter.php(933): App\Controllers\GeneratePDF->index()
 8 SYSTEMPATH/CodeIgniter.php(507): CodeIgniter\CodeIgniter->runController(Object(App\Controllers\GeneratePDF))
 9 SYSTEMPATH/CodeIgniter.php(354): CodeIgniter\CodeIgniter->handleRequest(null, Object(Config\Cache), false)
10 SYSTEMPATH/Boot.php(334): CodeIgniter\CodeIgniter->run()
11 SYSTEMPATH/Boot.php(67): CodeIgniter\Boot::runCodeIgniter(Object(CodeIgniter\CodeIgniter))
12 FCPATH/index.php(56): CodeIgniter\Boot::bootWeb(Object(Config\Paths))
CRITICAL - 2025-02-01 10:37:37 --> ErrorException: Undefined property: App\Libraries\TcpdfLibrary::$response
[Method: GET, Route: /]
in APPPATH/Libraries/TcpdfLibrary.php on line 21.
 1 APPPATH/Libraries/TcpdfLibrary.php(21): CodeIgniter\Debug\Exceptions->errorHandler(2, 'Undefined property: App\\Libraries\\TcpdfLibrary::$response', '/Applications/AMPPS/www/codeigniter4_tcpdf/app/Libraries/TcpdfLibrary.php', 21)
 2 APPPATH/Controllers/GeneratePDF.php(20): App\Libraries\TcpdfLibrary->createPDF('
            <h1>Welcome to TCPDF</h1>
            <p>This is a simple example of generating a PDF in CodeIgniter 4.</p>
        ')
 3 SYSTEMPATH/CodeIgniter.php(933): App\Controllers\GeneratePDF->index()
 4 SYSTEMPATH/CodeIgniter.php(507): CodeIgniter\CodeIgniter->runController(Object(App\Controllers\GeneratePDF))
 5 SYSTEMPATH/CodeIgniter.php(354): CodeIgniter\CodeIgniter->handleRequest(null, Object(Config\Cache), false)
 6 SYSTEMPATH/Boot.php(334): CodeIgniter\CodeIgniter->run()
 7 SYSTEMPATH/Boot.php(67): CodeIgniter\Boot::runCodeIgniter(Object(CodeIgniter\CodeIgniter))
 8 FCPATH/index.php(56): CodeIgniter\Boot::bootWeb(Object(Config\Paths))
